  main.cpp
c:\users\kuba\desktop\213a_karaszewski_jakub\src\gkiw_lab2\modelloader.h(72): warning C4018: "<": niezgodność typu ze znakiem/bez znaku
c:\users\kuba\desktop\213a_karaszewski_jakub\src\gkiw_lab2\modelloader.h(20): warning C4996: 'fopen': This function or variable may be unsafe. Consider using fopen_s instead. To disable deprecation, use _CRT_SECURE_NO_WARNINGS. See online help for details.
  c:\program files (x86)\windows kits\10\include\10.0.16299.0\ucrt\stdio.h(207): note: zobacz deklarację „fopen”
c:\users\kuba\desktop\213a_karaszewski_jakub\src\gkiw_lab2\modelloader.h(40): warning C4996: 'sscanf': This function or variable may be unsafe. Consider using sscanf_s instead. To disable deprecation, use _CRT_SECURE_NO_WARNINGS. See online help for details.
  c:\program files (x86)\windows kits\10\include\10.0.16299.0\ucrt\stdio.h(2261): note: zobacz deklarację „sscanf”
c:\users\kuba\desktop\213a_karaszewski_jakub\src\gkiw_lab2\modelloader.h(46): warning C4996: 'sscanf': This function or variable may be unsafe. Consider using sscanf_s instead. To disable deprecation, use _CRT_SECURE_NO_WARNINGS. See online help for details.
  c:\program files (x86)\windows kits\10\include\10.0.16299.0\ucrt\stdio.h(2261): note: zobacz deklarację „sscanf”
c:\users\kuba\desktop\213a_karaszewski_jakub\src\gkiw_lab2\modelloader.h(52): warning C4996: 'sscanf': This function or variable may be unsafe. Consider using sscanf_s instead. To disable deprecation, use _CRT_SECURE_NO_WARNINGS. See online help for details.
  c:\program files (x86)\windows kits\10\include\10.0.16299.0\ucrt\stdio.h(2261): note: zobacz deklarację „sscanf”
c:\users\kuba\desktop\213a_karaszewski_jakub\src\gkiw_lab2\modelloader.h(58): warning C4996: 'sscanf': This function or variable may be unsafe. Consider using sscanf_s instead. To disable deprecation, use _CRT_SECURE_NO_WARNINGS. See online help for details.
  c:\program files (x86)\windows kits\10\include\10.0.16299.0\ucrt\stdio.h(2261): note: zobacz deklarację „sscanf”
c:\users\kuba\desktop\213a_karaszewski_jakub\src\gkiw_lab2\main.cpp(14): warning C4305: "inicjowanie": obcięcie z "double" do "float"
c:\users\kuba\desktop\213a_karaszewski_jakub\src\gkiw_lab2\main.cpp(71): warning C4244: "argument": konwersja z "time_t" do "unsigned int", możliwa utrata danych
c:\users\kuba\desktop\213a_karaszewski_jakub\src\gkiw_lab2\main.cpp(65): warning C4996: 'fopen': This function or variable may be unsafe. Consider using fopen_s instead. To disable deprecation, use _CRT_SECURE_NO_WARNINGS. See online help for details.
  c:\program files (x86)\windows kits\10\include\10.0.16299.0\ucrt\stdio.h(207): note: zobacz deklarację „fopen”
c:\users\kuba\desktop\213a_karaszewski_jakub\src\gkiw_lab2\main.cpp(66): warning C4996: 'fopen': This function or variable may be unsafe. Consider using fopen_s instead. To disable deprecation, use _CRT_SECURE_NO_WARNINGS. See online help for details.
  c:\program files (x86)\windows kits\10\include\10.0.16299.0\ucrt\stdio.h(207): note: zobacz deklarację „fopen”
c:\users\kuba\desktop\213a_karaszewski_jakub\src\gkiw_lab2\main.cpp(67): warning C4996: 'fscanf': This function or variable may be unsafe. Consider using fscanf_s instead. To disable deprecation, use _CRT_SECURE_NO_WARNINGS. See online help for details.
  c:\program files (x86)\windows kits\10\include\10.0.16299.0\ucrt\stdio.h(1195): note: zobacz deklarację „fscanf”
c:\users\kuba\desktop\213a_karaszewski_jakub\src\gkiw_lab2\main.cpp(87): warning C4244: "argument": konwersja z "int" do "GLfloat", możliwa utrata danych
c:\users\kuba\desktop\213a_karaszewski_jakub\src\gkiw_lab2\main.cpp(97): warning C4244: "argument": konwersja z "int" do "GLfloat", możliwa utrata danych
c:\users\kuba\desktop\213a_karaszewski_jakub\src\gkiw_lab2\main.cpp(115): warning C4018: "<": niezgodność typu ze znakiem/bez znaku
c:\users\kuba\desktop\213a_karaszewski_jakub\src\gkiw_lab2\main.cpp(201): warning C4244: "=": konwersja z "int" do "float", możliwa utrata danych
c:\users\kuba\desktop\213a_karaszewski_jakub\src\gkiw_lab2\main.cpp(202): warning C4244: "=": konwersja z "int" do "float", możliwa utrata danych
c:\users\kuba\desktop\213a_karaszewski_jakub\src\gkiw_lab2\main.cpp(204): warning C4244: "=": konwersja z "int" do "float", możliwa utrata danych
c:\users\kuba\desktop\213a_karaszewski_jakub\src\gkiw_lab2\main.cpp(210): warning C4018: "<": niezgodność typu ze znakiem/bez znaku
c:\users\kuba\desktop\213a_karaszewski_jakub\src\gkiw_lab2\main.cpp(231): warning C4244: "=": konwersja z "int" do "float", możliwa utrata danych
c:\users\kuba\desktop\213a_karaszewski_jakub\src\gkiw_lab2\main.cpp(232): warning C4244: "=": konwersja z "int" do "float", możliwa utrata danych
c:\users\kuba\desktop\213a_karaszewski_jakub\src\gkiw_lab2\main.cpp(234): warning C4244: "=": konwersja z "int" do "float", możliwa utrata danych
c:\users\kuba\desktop\213a_karaszewski_jakub\src\gkiw_lab2\main.cpp(235): warning C4244: "=": konwersja z "int" do "float", możliwa utrata danych
c:\users\kuba\desktop\213a_karaszewski_jakub\src\gkiw_lab2\main.cpp(236): warning C4244: "=": konwersja z "double" do "float", możliwa utrata danych
c:\users\kuba\desktop\213a_karaszewski_jakub\src\gkiw_lab2\main.cpp(241): warning C4018: "<": niezgodność typu ze znakiem/bez znaku
c:\users\kuba\desktop\213a_karaszewski_jakub\src\gkiw_lab2\main.cpp(324): warning C4305: "-=": obcięcie z "double" do "float"
c:\users\kuba\desktop\213a_karaszewski_jakub\src\gkiw_lab2\main.cpp(325): warning C4305: "+=": obcięcie z "double" do "float"
c:\users\kuba\desktop\213a_karaszewski_jakub\src\gkiw_lab2\main.cpp(338): warning C4305: "=": obcięcie z "double" do "float"
c:\users\kuba\desktop\213a_karaszewski_jakub\src\gkiw_lab2\main.cpp(355): warning C4305: "+=": obcięcie z "double" do "float"
c:\users\kuba\desktop\213a_karaszewski_jakub\src\gkiw_lab2\main.cpp(360): warning C4305: "-=": obcięcie z "double" do "float"
c:\users\kuba\desktop\213a_karaszewski_jakub\src\gkiw_lab2\main.cpp(397): warning C4018: "<": niezgodność typu ze znakiem/bez znaku
c:\users\kuba\desktop\213a_karaszewski_jakub\src\gkiw_lab2\main.cpp(398): warning C4018: "<": niezgodność typu ze znakiem/bez znaku
c:\users\kuba\desktop\213a_karaszewski_jakub\src\gkiw_lab2\main.cpp(412): warning C4018: "<": niezgodność typu ze znakiem/bez znaku
c:\users\kuba\desktop\213a_karaszewski_jakub\src\gkiw_lab2\main.cpp(415): warning C4018: "<": niezgodność typu ze znakiem/bez znaku
c:\users\kuba\desktop\213a_karaszewski_jakub\src\gkiw_lab2\main.cpp(435): warning C4305: "+=": obcięcie z "double" do "float"
c:\users\kuba\desktop\213a_karaszewski_jakub\src\gkiw_lab2\main.cpp(501): warning C4018: "<": niezgodność typu ze znakiem/bez znaku
c:\users\kuba\desktop\213a_karaszewski_jakub\src\gkiw_lab2\main.cpp(504): warning C4018: "<": niezgodność typu ze znakiem/bez znaku
c:\users\kuba\desktop\213a_karaszewski_jakub\src\gkiw_lab2\main.cpp(445): warning C4996: 'fopen': This function or variable may be unsafe. Consider using fopen_s instead. To disable deprecation, use _CRT_SECURE_NO_WARNINGS. See online help for details.
  c:\program files (x86)\windows kits\10\include\10.0.16299.0\ucrt\stdio.h(207): note: zobacz deklarację „fopen”
c:\users\kuba\desktop\213a_karaszewski_jakub\src\gkiw_lab2\main.cpp(454): warning C4996: 'fopen': This function or variable may be unsafe. Consider using fopen_s instead. To disable deprecation, use _CRT_SECURE_NO_WARNINGS. See online help for details.
  c:\program files (x86)\windows kits\10\include\10.0.16299.0\ucrt\stdio.h(207): note: zobacz deklarację „fopen”
c:\users\kuba\desktop\213a_karaszewski_jakub\src\gkiw_lab2\main.cpp(582): warning C4244: "inicjowanie": konwersja z "float" do "int", możliwa utrata danych
c:\users\kuba\desktop\213a_karaszewski_jakub\src\gkiw_lab2\main.cpp(585): warning C4244: "argument": konwersja z "int" do "GLfloat", możliwa utrata danych
  GKiW_Lab2.vcxproj -> C:\Users\Kuba\Desktop\213a_karaszewski_jakub\src\Release\Fifo Lafo.exe
          1 file(s) copied.
